build/outputs/logs/manifest-merger-debug-report.txt
-- Merging decision tree log ---
manifest
ADDED from Downloads/ShoppingAppClinet/AndroidManifest.xml:2:1-102:12
INJECTED from Downloads/ShoppingAppClinet/AndroidManifest.xml:2:1-102:12
INJECTED from Downloads/ShoppingAppClinet/AndroidManifest.xml:2:1-102:12
INJECTED from Downloads/ShoppingAppClinet/AndroidManifest.xml:2:1-102:12
INJECTED from Downloads/ShoppingAppClinet/AndroidManifest.xml:2:1-102:12
	package
		ADDED from Downloads/ShoppingAppClinet/AndroidManifest.xml:3:5-39
	android:versionName
		ADDED from Downloads/ShoppingAppClinet/AndroidManifest.xml:5:5-30
		INJECTED from Downloads/ShoppingAppClinet/AndroidManifest.xml
		INJECTED from Downloads/ShoppingAppClinet/AndroidManifest.xml
	xmlns:android
		ADDED from Downloads/ShoppingAppClinet/AndroidManifest.xml:2:11-69
	android:versionCode
		ADDED from Downloads/ShoppingAppClinet/AndroidManifest.xml:4:5-28
		INJECTED from Downloads/ShoppingAppClinet/AndroidManifest.xml
		INJECTED from Downloads/ShoppingAppClinet/AndroidManifest.xml
supports-screens
ADDED from Downloads/ShoppingAppClinet/AndroidManifest.xml:7:5-12:39
	android:largeScreens
		ADDED from Downloads/ShoppingAppClinet/AndroidManifest.xml:9:9-36
	android:smallScreens
		ADDED from Downloads/ShoppingAppClinet/AndroidManifest.xml:12:9-36
	android:normalScreens
		ADDED from Downloads/ShoppingAppClinet/AndroidManifest.xml:10:9-37
	android:resizeable
		ADDED from Downloads/ShoppingAppClinet/AndroidManifest.xml:11:9-34
	android:anyDensity
		ADDED from Downloads/ShoppingAppClinet/AndroidManifest.xml:8:9-34
uses-permission#android.permission.ACCESS_NETWORK_STATE
ADDED from Downloads/ShoppingAppClinet/AndroidManifest.xml:17:5-18:23
	android:name
		ADDED from Downloads/ShoppingAppClinet/AndroidManifest.xml:17:22-76
uses-permission#android.permission.ACCESS_FINE_LOCATION
ADDED from Downloads/ShoppingAppClinet/AndroidManifest.xml:19:5-20:23
	android:name
		ADDED from Downloads/ShoppingAppClinet/AndroidManifest.xml:19:22-76
uses-permission#android.permission.WRITE_EXTERNAL_STORAGE
ADDED from Downloads/ShoppingAppClinet/AndroidManifest.xml:21:5-22:23
	android:name
		ADDED from Downloads/ShoppingAppClinet/AndroidManifest.xml:21:22-78
uses-permission#android.permission.ACCESS_WIFI_STATE
ADDED from Downloads/ShoppingAppClinet/AndroidManifest.xml:23:5-24:23
	android:name
		ADDED from Downloads/ShoppingAppClinet/AndroidManifest.xml:23:22-73
uses-permission#android.permission.CHANGE_WIFI_STATE
ADDED from Downloads/ShoppingAppClinet/AndroidManifest.xml:25:5-26:23
	android:name
		ADDED from Downloads/ShoppingAppClinet/AndroidManifest.xml:25:22-73
uses-permission#android.permission.READ_PHONE_STATE
ADDED from Downloads/ShoppingAppClinet/AndroidManifest.xml:27:5-28:23
	android:name
		ADDED from Downloads/ShoppingAppClinet/AndroidManifest.xml:27:22-72
uses-permission#android.permission.INTERNET
ADDED from Downloads/ShoppingAppClinet/AndroidManifest.xml:29:5-67
	android:name
		ADDED from Downloads/ShoppingAppClinet/AndroidManifest.xml:29:22-64
uses-permission#android.permission.ACCESS_COARSE_LOCATION
ADDED from Downloads/ShoppingAppClinet/AndroidManifest.xml:30:5-81
	android:name
		ADDED from Downloads/ShoppingAppClinet/AndroidManifest.xml:30:22-78
uses-permission#android.permission.WAKE_LOCK
ADDED from Downloads/ShoppingAppClinet/AndroidManifest.xml:31:5-68
	android:name
		ADDED from Downloads/ShoppingAppClinet/AndroidManifest.xml:31:22-65
application
ADDED from Downloads/ShoppingAppClinet/AndroidManifest.xml:34:5-100:19
	android:label
		ADDED from Downloads/ShoppingAppClinet/AndroidManifest.xml:38:9-41
	android:icon
		ADDED from Downloads/ShoppingAppClinet/AndroidManifest.xml:37:9-45
	android:allowBackup
		ADDED from Downloads/ShoppingAppClinet/AndroidManifest.xml:36:9-35
	android:theme
		ADDED from Downloads/ShoppingAppClinet/AndroidManifest.xml:39:9-56
	android:name
		ADDED from Downloads/ShoppingAppClinet/AndroidManifest.xml:35:9-66
activity#com.cm.shopping.activity.SplashActivity
ADDED from Downloads/ShoppingAppClinet/AndroidManifest.xml:40:9-46:20
	android:name
		ADDED from Downloads/ShoppingAppClinet/AndroidManifest.xml:40:19-73
intent-filter#action:name:android.intent.action.MAIN+category:name:android.intent.category.LAUNCHER
ADDED from Downloads/ShoppingAppClinet/AndroidManifest.xml:41:13-45:29
action#android.intent.action.MAIN
ADDED from Downloads/ShoppingAppClinet/AndroidManifest.xml:42:17-69
	android:name
		ADDED from Downloads/ShoppingAppClinet/AndroidManifest.xml:42:25-66
category#android.intent.category.LAUNCHER
ADDED from Downloads/ShoppingAppClinet/AndroidManifest.xml:44:17-77
	android:name
		ADDED from Downloads/ShoppingAppClinet/AndroidManifest.xml:44:27-74
activity#com.cm.shopping.activity.LoginActivity
ADDED from Downloads/ShoppingAppClinet/AndroidManifest.xml:47:9-51:20
	android:screenOrientation
		ADDED from Downloads/ShoppingAppClinet/AndroidManifest.xml:49:13-49
	android:windowSoftInputMode
		ADDED from Downloads/ShoppingAppClinet/AndroidManifest.xml:50:13-52
	android:name
		ADDED from Downloads/ShoppingAppClinet/AndroidManifest.xml:48:13-66
activity#com.cm.shopping.activity.CommentActivity
ADDED from Downloads/ShoppingAppClinet/AndroidManifest.xml:58:9-62:20
	android:screenOrientation
		ADDED from Downloads/ShoppingAppClinet/AndroidManifest.xml:60:13-49
	android:windowSoftInputMode
		ADDED from Downloads/ShoppingAppClinet/AndroidManifest.xml:61:13-52
	android:name
		ADDED from Downloads/ShoppingAppClinet/AndroidManifest.xml:59:13-68
activity#com.cm.shopping.activity.DishesDetailActivity
ADDED from Downloads/ShoppingAppClinet/AndroidManifest.xml:63:9-67:20
	android:screenOrientation
		ADDED from Downloads/ShoppingAppClinet/AndroidManifest.xml:65:13-49
	android:windowSoftInputMode
		ADDED from Downloads/ShoppingAppClinet/AndroidManifest.xml:66:13-52
	android:name
		ADDED from Downloads/ShoppingAppClinet/AndroidManifest.xml:64:13-73
activity#com.cm.shopping.activity.DishesListActivity
ADDED from Downloads/ShoppingAppClinet/AndroidManifest.xml:68:9-72:20
	android:screenOrientation
		ADDED from Downloads/ShoppingAppClinet/AndroidManifest.xml:70:13-49
	android:windowSoftInputMode
		ADDED from Downloads/ShoppingAppClinet/AndroidManifest.xml:71:13-52
	android:name
		ADDED from Downloads/ShoppingAppClinet/AndroidManifest.xml:69:13-71
activity#com.cm.shopping.activity.RegisterActivity
ADDED from Downloads/ShoppingAppClinet/AndroidManifest.xml:73:9-77:20
	android:screenOrientation
		ADDED from Downloads/ShoppingAppClinet/AndroidManifest.xml:75:13-49
	android:windowSoftInputMode
		ADDED from Downloads/ShoppingAppClinet/AndroidManifest.xml:76:13-52
	android:name
		ADDED from Downloads/ShoppingAppClinet/AndroidManifest.xml:74:13-69
activity#com.cm.shopping.activity.CreateOrderActivity
ADDED from Downloads/ShoppingAppClinet/AndroidManifest.xml:78:9-82:20
	android:screenOrientation
		ADDED from Downloads/ShoppingAppClinet/AndroidManifest.xml:80:13-49
	android:windowSoftInputMode
		ADDED from Downloads/ShoppingAppClinet/AndroidManifest.xml:81:13-52
	android:name
		ADDED from Downloads/ShoppingAppClinet/AndroidManifest.xml:79:13-72
activity#com.cm.shopping.activity.MyOrdersListActivity
ADDED from Downloads/ShoppingAppClinet/AndroidManifest.xml:83:9-87:20
	android:screenOrientation
		ADDED from Downloads/ShoppingAppClinet/AndroidManifest.xml:85:13-49
	android:windowSoftInputMode
		ADDED from Downloads/ShoppingAppClinet/AndroidManifest.xml:86:13-52
	android:name
		ADDED from Downloads/ShoppingAppClinet/AndroidManifest.xml:84:13-73
activity#com.cm.shopping.activity.MyCarsListActivity
ADDED from Downloads/ShoppingAppClinet/AndroidManifest.xml:88:10-92:20
	android:screenOrientation
		ADDED from Downloads/ShoppingAppClinet/AndroidManifest.xml:90:13-49
	android:windowSoftInputMode
		ADDED from Downloads/ShoppingAppClinet/AndroidManifest.xml:91:13-52
	android:name
		ADDED from Downloads/ShoppingAppClinet/AndroidManifest.xml:89:13-71
activity#com.cm.shopping.activity.PersonCenterActivity
ADDED from Downloads/ShoppingAppClinet/AndroidManifest.xml:93:9-97:20
	android:screenOrientation
		ADDED from Downloads/ShoppingAppClinet/AndroidManifest.xml:95:13-49
	android:windowSoftInputMode
		ADDED from Downloads/ShoppingAppClinet/AndroidManifest.xml:96:13-52
	android:name
		ADDED from Downloads/ShoppingAppClinet/AndroidManifest.xml:94:13-73
uses-sdk
INJECTED from Downloads/ShoppingAppClinet/AndroidManifest.xml reason: use-sdk injection requested
INJECTED from Downloads/ShoppingAppClinet/AndroidManifest.xml
INJECTED from Downloads/ShoppingAppClinet/AndroidManifest.xml
	android:minSdkVersion
		INJECTED from Downloads/ShoppingAppClinet/AndroidManifest.xml
		ADDED from Downloads/ShoppingAppClinet/AndroidManifest.xml
		INJECTED from Downloads/ShoppingAppClinet/AndroidManifest.xml